<?xml version="1.0" encoding="UTF-8"?>
<testng-results ignored="0" total="1" passed="1" failed="0" skipped="0">
  <reporter-output>
  </reporter-output>
  <suite started-at="2024-12-14T10:05:14 GMT+03:00" name="Default suite" finished-at="2024-12-14T10:05:20 GMT+03:00" duration-ms="6227">
    <groups>
    </groups>
    <test started-at="2024-12-14T10:05:14 GMT+03:00" name="Default test" finished-at="2024-12-14T10:05:20 GMT+03:00" duration-ms="6227">
      <class name="api.test.Duplicate_Email_Test">
        <test-method is-config="true" signature="setupData()[pri:0, instance:api.test.Duplicate_Email_Test@3d34d211]" started-at="2024-12-14T10:05:14 GMT+03:00" name="setupData" finished-at="2024-12-14T10:05:15 GMT+03:00" duration-ms="319" status="PASS">
          <reporter-output>
          </reporter-output>
        </test-method> <!-- setupData -->
        <test-method signature="testDuplicateEmailValidation()[pri:0, instance:api.test.Duplicate_Email_Test@3d34d211]" started-at="2024-12-14T10:05:15 GMT+03:00" name="testDuplicateEmailValidation" finished-at="2024-12-14T10:05:20 GMT+03:00" duration-ms="5851" status="PASS">
          <reporter-output>
          </reporter-output>
        </test-method> <!-- testDuplicateEmailValidation -->
      </class> <!-- api.test.Duplicate_Email_Test -->
    </test> <!-- Default test -->
  </suite> <!-- Default suite -->
</testng-results>
